[32m2022-10-30 05:40:24.133[0m | [1mINFO    [0m | [36m__main__[0m:[36m<module>[0m:[36m85[0m - [1mОбщее количество символов в исходных данных: 20000000[0m
[32m2022-10-30 05:40:24.134[0m | [1mINFO    [0m | [36m__main__[0m:[36m<module>[0m:[36m92[0m - [1m	Эксперимент №: 0, количество символов: 1000000, размер куска данных при разбиении: 10000[0m
[32m2022-10-30 05:40:28.337[0m | [1mINFO    [0m | [36m__main__[0m:[36m<module>[0m:[36m96[0m - [1m		Последовательный метод (сек.): 0.1939966999925673[0m
[32m2022-10-30 05:40:35.852[0m | [1mINFO    [0m | [36m__main__[0m:[36m<module>[0m:[36m85[0m - [1mОбщее количество символов в исходных данных: 50000000[0m
[32m2022-10-30 05:40:35.853[0m | [1mINFO    [0m | [36m__main__[0m:[36m<module>[0m:[36m92[0m - [1m	Эксперимент №: 0, количество символов: 1000000, размер куска данных при разбиении: 10000[0m
[32m2022-10-30 05:40:40.050[0m | [1mINFO    [0m | [36m__main__[0m:[36m<module>[0m:[36m96[0m - [1m		Последовательный метод (сек.): 0.18337109999265522[0m
[32m2022-10-30 05:40:44.228[0m | [1mINFO    [0m | [36m__main__[0m:[36m<module>[0m:[36m100[0m - [1m		Асинхронный метод (сек.): 0.1471904999925755[0m
[32m2022-10-30 05:40:49.202[0m | [1mINFO    [0m | [36m__main__[0m:[36m<module>[0m:[36m104[0m - [1m		Мультипроцессорный метод time: 0.90190930000972[0m
[32m2022-10-30 05:40:53.216[0m | [1mINFO    [0m | [36m__main__[0m:[36m<module>[0m:[36m92[0m - [1m	Эксперимент №: 1, количество символов: 2000000, размер куска данных при разбиении: 20000[0m
[32m2022-10-30 05:40:57.758[0m | [1mINFO    [0m | [36m__main__[0m:[36m<module>[0m:[36m96[0m - [1m		Последовательный метод (сек.): 0.5262456999917049[0m
[32m2022-10-30 05:41:02.240[0m | [1mINFO    [0m | [36m__main__[0m:[36m<module>[0m:[36m100[0m - [1m		Асинхронный метод (сек.): 0.44096959999296814[0m
[32m2022-10-30 05:41:07.432[0m | [1mINFO    [0m | [36m__main__[0m:[36m<module>[0m:[36m104[0m - [1m		Мультипроцессорный метод time: 0.9839765999931842[0m
[32m2022-10-30 05:41:11.440[0m | [1mINFO    [0m | [36m__main__[0m:[36m<module>[0m:[36m92[0m - [1m	Эксперимент №: 2, количество символов: 3000000, размер куска данных при разбиении: 30000[0m
[32m2022-10-30 05:41:16.590[0m | [1mINFO    [0m | [36m__main__[0m:[36m<module>[0m:[36m96[0m - [1m		Последовательный метод (сек.): 1.145332200016128[0m
[32m2022-10-30 05:41:21.699[0m | [1mINFO    [0m | [36m__main__[0m:[36m<module>[0m:[36m100[0m - [1m		Асинхронный метод (сек.): 1.0662755999946967[0m
[32m2022-10-30 05:41:26.897[0m | [1mINFO    [0m | [36m__main__[0m:[36m<module>[0m:[36m104[0m - [1m		Мультипроцессорный метод time: 1.1215658000146504[0m
[32m2022-10-30 05:41:30.907[0m | [1mINFO    [0m | [36m__main__[0m:[36m<module>[0m:[36m92[0m - [1m	Эксперимент №: 3, количество символов: 4000000, размер куска данных при разбиении: 40000[0m
[32m2022-10-30 05:41:36.526[0m | [1mINFO    [0m | [36m__main__[0m:[36m<module>[0m:[36m96[0m - [1m		Последовательный метод (сек.): 1.610675900010392[0m
[32m2022-10-30 05:41:42.141[0m | [1mINFO    [0m | [36m__main__[0m:[36m<module>[0m:[36m100[0m - [1m		Асинхронный метод (сек.): 1.5679778000048827[0m
[32m2022-10-30 05:41:51.663[0m | [1mINFO    [0m | [36m__main__[0m:[36m<module>[0m:[36m85[0m - [1mОбщее количество символов в исходных данных: 50000000. Экспериментов: 50[0m
[32m2022-10-30 05:41:51.664[0m | [1mINFO    [0m | [36m__main__[0m:[36m<module>[0m:[36m92[0m - [1m	Эксперимент №: 0, количество символов: 1000000, размер куска данных при разбиении: 10000[0m
[32m2022-10-30 05:41:55.868[0m | [1mINFO    [0m | [36m__main__[0m:[36m<module>[0m:[36m96[0m - [1m		Последовательный метод (сек.): 0.19305259999237023[0m
[32m2022-10-30 05:42:04.013[0m | [1mINFO    [0m | [36m__main__[0m:[36m<module>[0m:[36m85[0m - [1mОбщее количество символов в исходных данных: 50000000. Экспериментов: 10[0m
[32m2022-10-30 05:42:04.018[0m | [1mINFO    [0m | [36m__main__[0m:[36m<module>[0m:[36m92[0m - [1m	Эксперимент №: 0, количество символов: 5000000, размер куска данных при разбиении: 50000[0m
[32m2022-10-30 05:42:10.272[0m | [1mINFO    [0m | [36m__main__[0m:[36m<module>[0m:[36m96[0m - [1m		Последовательный метод (сек.): 2.2422306999797[0m
[32m2022-10-30 05:42:16.253[0m | [1mINFO    [0m | [36m__main__[0m:[36m<module>[0m:[36m100[0m - [1m		Асинхронный метод (сек.): 1.9151423000148498[0m
[32m2022-10-30 05:42:21.768[0m | [1mINFO    [0m | [36m__main__[0m:[36m<module>[0m:[36m104[0m - [1m		Мультипроцессорный метод time: 1.4091919000202324[0m
[32m2022-10-30 05:42:30.002[0m | [1mINFO    [0m | [36m__main__[0m:[36m<module>[0m:[36m85[0m - [1mОбщее количество символов в исходных данных: 10000000. Экспериментов: 10[0m
[32m2022-10-30 05:42:30.003[0m | [1mINFO    [0m | [36m__main__[0m:[36m<module>[0m:[36m92[0m - [1m	Эксперимент №: 0, количество символов: 1000000, размер куска данных при разбиении: 10000[0m
[32m2022-10-30 05:42:34.214[0m | [1mINFO    [0m | [36m__main__[0m:[36m<module>[0m:[36m96[0m - [1m		Последовательный метод (сек.): 0.19650360001833178[0m
[32m2022-10-30 05:42:38.401[0m | [1mINFO    [0m | [36m__main__[0m:[36m<module>[0m:[36m100[0m - [1m		Асинхронный метод (сек.): 0.15666489998693578[0m
[32m2022-10-30 05:42:43.382[0m | [1mINFO    [0m | [36m__main__[0m:[36m<module>[0m:[36m104[0m - [1m		Мультипроцессорный метод time: 0.9084106000082102[0m
[32m2022-10-30 05:42:47.395[0m | [1mINFO    [0m | [36m__main__[0m:[36m<module>[0m:[36m92[0m - [1m	Эксперимент №: 1, количество символов: 2000000, размер куска данных при разбиении: 20000[0m
[32m2022-10-30 05:42:51.950[0m | [1mINFO    [0m | [36m__main__[0m:[36m<module>[0m:[36m96[0m - [1m		Последовательный метод (сек.): 0.5508069999923464[0m
[32m2022-10-30 05:42:56.453[0m | [1mINFO    [0m | [36m__main__[0m:[36m<module>[0m:[36m100[0m - [1m		Асинхронный метод (сек.): 0.4632792999909725[0m
[32m2022-10-30 05:43:01.499[0m | [1mINFO    [0m | [36m__main__[0m:[36m<module>[0m:[36m104[0m - [1m		Мультипроцессорный метод time: 0.9773838999972213[0m
[32m2022-10-30 05:43:05.512[0m | [1mINFO    [0m | [36m__main__[0m:[36m<module>[0m:[36m92[0m - [1m	Эксперимент №: 2, количество символов: 3000000, размер куска данных при разбиении: 30000[0m
[32m2022-10-30 05:43:10.561[0m | [1mINFO    [0m | [36m__main__[0m:[36m<module>[0m:[36m96[0m - [1m		Последовательный метод (сек.): 1.0472522999916691[0m
[32m2022-10-30 05:43:15.523[0m | [1mINFO    [0m | [36m__main__[0m:[36m<module>[0m:[36m100[0m - [1m		Асинхронный метод (сек.): 0.9173513999849092[0m
[32m2022-10-30 05:43:20.768[0m | [1mINFO    [0m | [36m__main__[0m:[36m<module>[0m:[36m104[0m - [1m		Мультипроцессорный метод time: 1.1500687999941874[0m
[32m2022-10-30 05:43:24.775[0m | [1mINFO    [0m | [36m__main__[0m:[36m<module>[0m:[36m92[0m - [1m	Эксперимент №: 3, количество символов: 4000000, размер куска данных при разбиении: 40000[0m
[32m2022-10-30 05:43:30.598[0m | [1mINFO    [0m | [36m__main__[0m:[36m<module>[0m:[36m96[0m - [1m		Последовательный метод (сек.): 1.8211830999935046[0m
[32m2022-10-30 05:43:36.175[0m | [1mINFO    [0m | [36m__main__[0m:[36m<module>[0m:[36m100[0m - [1m		Асинхронный метод (сек.): 1.5109647999925073[0m
[32m2022-10-30 05:43:41.441[0m | [1mINFO    [0m | [36m__main__[0m:[36m<module>[0m:[36m104[0m - [1m		Мультипроцессорный метод time: 1.1896523000032175[0m
[32m2022-10-30 05:43:45.458[0m | [1mINFO    [0m | [36m__main__[0m:[36m<module>[0m:[36m92[0m - [1m	Эксперимент №: 4, количество символов: 5000000, размер куска данных при разбиении: 50000[0m
[32m2022-10-30 05:43:51.774[0m | [1mINFO    [0m | [36m__main__[0m:[36m<module>[0m:[36m96[0m - [1m		Последовательный метод (сек.): 2.310390400001779[0m
[32m2022-10-30 05:43:57.803[0m | [1mINFO    [0m | [36m__main__[0m:[36m<module>[0m:[36m100[0m - [1m		Асинхронный метод (сек.): 1.9696492000075523[0m
[32m2022-10-30 05:44:03.054[0m | [1mINFO    [0m | [36m__main__[0m:[36m<module>[0m:[36m104[0m - [1m		Мультипроцессорный метод time: 1.1792164999933448[0m
[32m2022-10-30 05:44:07.056[0m | [1mINFO    [0m | [36m__main__[0m:[36m<module>[0m:[36m92[0m - [1m	Эксперимент №: 5, количество символов: 6000000, размер куска данных при разбиении: 60000[0m
[32m2022-10-30 05:44:13.930[0m | [1mINFO    [0m | [36m__main__[0m:[36m<module>[0m:[36m96[0m - [1m		Последовательный метод (сек.): 2.8733102999976836[0m
[32m2022-10-30 05:44:20.505[0m | [1mINFO    [0m | [36m__main__[0m:[36m<module>[0m:[36m100[0m - [1m		Асинхронный метод (сек.): 2.5274712000100408[0m
[32m2022-10-30 05:44:25.904[0m | [1mINFO    [0m | [36m__main__[0m:[36m<module>[0m:[36m104[0m - [1m		Мультипроцессорный метод time: 1.327786500012735[0m
[32m2022-10-30 05:44:29.905[0m | [1mINFO    [0m | [36m__main__[0m:[36m<module>[0m:[36m92[0m - [1m	Эксперимент №: 6, количество символов: 7000000, размер куска данных при разбиении: 70000[0m
[32m2022-10-30 05:44:37.551[0m | [1mINFO    [0m | [36m__main__[0m:[36m<module>[0m:[36m96[0m - [1m		Последовательный метод (сек.): 3.647487699985504[0m
[32m2022-10-30 05:44:44.851[0m | [1mINFO    [0m | [36m__main__[0m:[36m<module>[0m:[36m100[0m - [1m		Асинхронный метод (сек.): 3.2334141000173986[0m
[32m2022-10-30 05:44:50.564[0m | [1mINFO    [0m | [36m__main__[0m:[36m<module>[0m:[36m104[0m - [1m		Мультипроцессорный метод time: 1.6335376999923028[0m
[32m2022-10-30 05:44:54.578[0m | [1mINFO    [0m | [36m__main__[0m:[36m<module>[0m:[36m92[0m - [1m	Эксперимент №: 7, количество символов: 8000000, размер куска данных при разбиении: 80000[0m
[32m2022-10-30 05:45:03.334[0m | [1mINFO    [0m | [36m__main__[0m:[36m<module>[0m:[36m96[0m - [1m		Последовательный метод (сек.): 4.743051900004502[0m
[32m2022-10-30 05:45:11.515[0m | [1mINFO    [0m | [36m__main__[0m:[36m<module>[0m:[36m100[0m - [1m		Асинхронный метод (сек.): 4.0980075999978[0m
[32m2022-10-30 05:45:17.274[0m | [1mINFO    [0m | [36m__main__[0m:[36m<module>[0m:[36m104[0m - [1m		Мультипроцессорный метод time: 1.6595504999859259[0m
[32m2022-10-30 05:45:21.292[0m | [1mINFO    [0m | [36m__main__[0m:[36m<module>[0m:[36m92[0m - [1m	Эксперимент №: 8, количество символов: 9000000, размер куска данных при разбиении: 90000[0m
[32m2022-10-30 05:45:30.559[0m | [1mINFO    [0m | [36m__main__[0m:[36m<module>[0m:[36m96[0m - [1m		Последовательный метод (сек.): 5.262178399978438[0m
[32m2022-10-30 05:45:39.576[0m | [1mINFO    [0m | [36m__main__[0m:[36m<module>[0m:[36m100[0m - [1m		Асинхронный метод (сек.): 4.924455399974249[0m
[32m2022-10-30 05:45:45.366[0m | [1mINFO    [0m | [36m__main__[0m:[36m<module>[0m:[36m104[0m - [1m		Мультипроцессорный метод time: 1.700238299992634[0m
